{"content": {"suites": {"0": {"status": {"total_pass": 0, "total_skip": 0, "total_xpass": 0, "total_xfail": 0, "total_rerun": 0, "total_fail": 3, "total_error": 0}, "tests": {"0": {"status": "FAIL", "message": "       selenium.common.exceptions.NoSuchElementException: Message: Cannot locate option with value: Economy; For documentation on this error, please visit: https://www.selenium.dev/documentation/webdriver/troubleshooting/errors#no-such-element-exception\n", "test_name": "test_economy", "rerun": "0"}, "1": {"status": "FAIL", "message": "       selenium.common.exceptions.NoSuchElementException: Message: Cannot locate option with value: Business; For documentation on this error, please visit: https://www.selenium.dev/documentation/webdriver/troubleshooting/errors#no-such-element-exception\n", "test_name": "test_business", "rerun": "0"}, "2": {"status": "FAIL", "message": "       selenium.common.exceptions.NoSuchElementException: Message: Cannot locate option with value: First; For documentation on this error, please visit: https://www.selenium.dev/documentation/webdriver/troubleshooting/errors#no-such-element-exception\n", "test_name": "test_first", "rerun": "0"}}, "suite_name": "tests/test_home.py"}}}, "date": "December 20, 2024", "start_time": 1734672669.4695964, "total_suite": 1, "status": "FAIL", "status_list": {"pass": "0", "fail": "3", "skip": "0", "error": "0", "xpass": "0", "xfail": "0", "rerun": "0"}, "total_tests": "3"}